<?xml version="1.0" encoding="UTF-8"?>
<!-- Generated by org.testng.reporters.JUnitReportReporter -->
<testsuite hostname="DESKTOP-I6SA3VT" failures="0" tests="1" name="TestNG.addbook" time="8.327" errors="0" timestamp="03 May 2019 01:52:29 GMT" skipped="0">
  <testcase classname="TestNG.addbook" name="verifyaddbook" time="8.327"/>
</testsuite> <!-- TestNG.addbook -->
