<?xml version="1.0" encoding="UTF-8"?>
<!-- Generated by org.testng.reporters.JUnitReportReporter -->
<testsuite hostname="DESKTOP-I6SA3VT" failures="0" tests="1" name="TestNG.addbook" time="6.543" errors="0" timestamp="28 Apr. 2019 05:08:28 GMT" skipped="0">
  <testcase classname="TestNG.addbook" name="verifyaddbook" time="6.543"/>
</testsuite> <!-- TestNG.addbook -->
